0 info it worked if it ends with ok
1 verbose cli [ '/home/vagrant/.nvm/versions/node/v6.9.5/bin/node',
1 verbose cli   '/home/vagrant/.nvm/versions/node/v6.9.5/bin/npm',
1 verbose cli   'install',
1 verbose cli   'request',
1 verbose cli   '--save' ]
2 info using npm@3.10.10
3 info using node@v6.9.5
4 silly loadCurrentTree Starting
5 silly install loadCurrentTree
6 silly install readLocalPackageData
7 silly fetchPackageMetaData request
8 silly fetchNamedPackageData request
9 silly mapToRegistry name request
10 silly mapToRegistry using default registry
11 silly mapToRegistry registry https://registry.npmjs.org/
12 silly mapToRegistry data Result {
12 silly mapToRegistry   raw: 'request',
12 silly mapToRegistry   scope: null,
12 silly mapToRegistry   escapedName: 'request',
12 silly mapToRegistry   name: 'request',
12 silly mapToRegistry   rawSpec: '',
12 silly mapToRegistry   spec: 'latest',
12 silly mapToRegistry   type: 'tag' }
13 silly mapToRegistry uri https://registry.npmjs.org/request
14 verbose get https://registry.npmjs.org/request not expired, no request
15 silly install normalizeTree
16 silly loadCurrentTree Finishing
17 silly loadIdealTree Starting
18 silly install loadIdealTree
19 silly cloneCurrentTree Starting
20 silly install cloneCurrentTreeToIdealTree
21 silly cloneCurrentTree Finishing
22 silly loadShrinkwrap Starting
23 silly install loadShrinkwrap
24 silly loadShrinkwrap Finishing
25 silly loadAllDepsIntoIdealTree Starting
26 silly install loadAllDepsIntoIdealTree
27 silly resolveWithNewModule request@2.81.0 checking installable status
28 silly cache add args [ 'request', null ]
29 verbose cache add spec request
30 silly cache add parsed spec Result {
30 silly cache add   raw: 'request',
30 silly cache add   scope: null,
30 silly cache add   escapedName: 'request',
30 silly cache add   name: 'request',
30 silly cache add   rawSpec: '',
30 silly cache add   spec: 'latest',
30 silly cache add   type: 'tag' }
31 silly addNamed request@latest
32 verbose addNamed "latest" is being treated as a dist-tag for request
33 info addNameTag [ 'request', 'latest' ]
34 silly mapToRegistry name request
35 silly mapToRegistry using default registry
36 silly mapToRegistry registry https://registry.npmjs.org/
37 silly mapToRegistry data Result {
37 silly mapToRegistry   raw: 'request',
37 silly mapToRegistry   scope: null,
37 silly mapToRegistry   escapedName: 'request',
37 silly mapToRegistry   name: 'request',
37 silly mapToRegistry   rawSpec: '',
37 silly mapToRegistry   spec: 'latest',
37 silly mapToRegistry   type: 'tag' }
38 silly mapToRegistry uri https://registry.npmjs.org/request
39 verbose addNameTag registry:https://registry.npmjs.org/request not in flight; fetching
40 verbose get https://registry.npmjs.org/request not expired, no request
41 silly addNameTag next cb for request with tag latest
42 silly addNamed request@2.81.0
43 verbose addNamed "2.81.0" is a plain semver version for request
44 silly cache afterAdd request@2.81.0
45 verbose afterAdd /home/vagrant/.npm/request/2.81.0/package/package.json not in flight; writing
46 verbose correctMkdir /home/vagrant/.npm correctMkdir not in flight; initializing
47 verbose afterAdd /home/vagrant/.npm/request/2.81.0/package/package.json written
48 silly fetchNamedPackageData aws-sign2
49 silly mapToRegistry name aws-sign2
50 silly mapToRegistry using default registry
51 silly mapToRegistry registry https://registry.npmjs.org/
52 silly mapToRegistry data Result {
52 silly mapToRegistry   raw: 'aws-sign2',
52 silly mapToRegistry   scope: null,
52 silly mapToRegistry   escapedName: 'aws-sign2',
52 silly mapToRegistry   name: 'aws-sign2',
52 silly mapToRegistry   rawSpec: '',
52 silly mapToRegistry   spec: 'latest',
52 silly mapToRegistry   type: 'tag' }
53 silly mapToRegistry uri https://registry.npmjs.org/aws-sign2
54 silly fetchNamedPackageData aws4
55 silly mapToRegistry name aws4
56 silly mapToRegistry using default registry
57 silly mapToRegistry registry https://registry.npmjs.org/
58 silly mapToRegistry data Result {
58 silly mapToRegistry   raw: 'aws4',
58 silly mapToRegistry   scope: null,
58 silly mapToRegistry   escapedName: 'aws4',
58 silly mapToRegistry   name: 'aws4',
58 silly mapToRegistry   rawSpec: '',
58 silly mapToRegistry   spec: 'latest',
58 silly mapToRegistry   type: 'tag' }
59 silly mapToRegistry uri https://registry.npmjs.org/aws4
60 silly fetchNamedPackageData caseless
61 silly mapToRegistry name caseless
62 silly mapToRegistry using default registry
63 silly mapToRegistry registry https://registry.npmjs.org/
64 silly mapToRegistry data Result {
64 silly mapToRegistry   raw: 'caseless',
64 silly mapToRegistry   scope: null,
64 silly mapToRegistry   escapedName: 'caseless',
64 silly mapToRegistry   name: 'caseless',
64 silly mapToRegistry   rawSpec: '',
64 silly mapToRegistry   spec: 'latest',
64 silly mapToRegistry   type: 'tag' }
65 silly mapToRegistry uri https://registry.npmjs.org/caseless
66 silly fetchNamedPackageData combined-stream
67 silly mapToRegistry name combined-stream
68 silly mapToRegistry using default registry
69 silly mapToRegistry registry https://registry.npmjs.org/
70 silly mapToRegistry data Result {
70 silly mapToRegistry   raw: 'combined-stream',
70 silly mapToRegistry   scope: null,
70 silly mapToRegistry   escapedName: 'combined-stream',
70 silly mapToRegistry   name: 'combined-stream',
70 silly mapToRegistry   rawSpec: '',
70 silly mapToRegistry   spec: 'latest',
70 silly mapToRegistry   type: 'tag' }
71 silly mapToRegistry uri https://registry.npmjs.org/combined-stream
72 silly fetchNamedPackageData extend
73 silly mapToRegistry name extend
74 silly mapToRegistry using default registry
75 silly mapToRegistry registry https://registry.npmjs.org/
76 silly mapToRegistry data Result {
76 silly mapToRegistry   raw: 'extend',
76 silly mapToRegistry   scope: null,
76 silly mapToRegistry   escapedName: 'extend',
76 silly mapToRegistry   name: 'extend',
76 silly mapToRegistry   rawSpec: '',
76 silly mapToRegistry   spec: 'latest',
76 silly mapToRegistry   type: 'tag' }
77 silly mapToRegistry uri https://registry.npmjs.org/extend
78 silly fetchNamedPackageData forever-agent
79 silly mapToRegistry name forever-agent
80 silly mapToRegistry using default registry
81 silly mapToRegistry registry https://registry.npmjs.org/
82 silly mapToRegistry data Result {
82 silly mapToRegistry   raw: 'forever-agent',
82 silly mapToRegistry   scope: null,
82 silly mapToRegistry   escapedName: 'forever-agent',
82 silly mapToRegistry   name: 'forever-agent',
82 silly mapToRegistry   rawSpec: '',
82 silly mapToRegistry   spec: 'latest',
82 silly mapToRegistry   type: 'tag' }
83 silly mapToRegistry uri https://registry.npmjs.org/forever-agent
84 silly fetchNamedPackageData form-data
85 silly mapToRegistry name form-data
86 silly mapToRegistry using default registry
87 silly mapToRegistry registry https://registry.npmjs.org/
88 silly mapToRegistry data Result {
88 silly mapToRegistry   raw: 'form-data',
88 silly mapToRegistry   scope: null,
88 silly mapToRegistry   escapedName: 'form-data',
88 silly mapToRegistry   name: 'form-data',
88 silly mapToRegistry   rawSpec: '',
88 silly mapToRegistry   spec: 'latest',
88 silly mapToRegistry   type: 'tag' }
89 silly mapToRegistry uri https://registry.npmjs.org/form-data
90 silly fetchNamedPackageData har-validator
91 silly mapToRegistry name har-validator
92 silly mapToRegistry using default registry
93 silly mapToRegistry registry https://registry.npmjs.org/
94 silly mapToRegistry data Result {
94 silly mapToRegistry   raw: 'har-validator',
94 silly mapToRegistry   scope: null,
94 silly mapToRegistry   escapedName: 'har-validator',
94 silly mapToRegistry   name: 'har-validator',
94 silly mapToRegistry   rawSpec: '',
94 silly mapToRegistry   spec: 'latest',
94 silly mapToRegistry   type: 'tag' }
95 silly mapToRegistry uri https://registry.npmjs.org/har-validator
96 silly fetchNamedPackageData hawk
97 silly mapToRegistry name hawk
98 silly mapToRegistry using default registry
99 silly mapToRegistry registry https://registry.npmjs.org/
100 silly mapToRegistry data Result {
100 silly mapToRegistry   raw: 'hawk',
100 silly mapToRegistry   scope: null,
100 silly mapToRegistry   escapedName: 'hawk',
100 silly mapToRegistry   name: 'hawk',
100 silly mapToRegistry   rawSpec: '',
100 silly mapToRegistry   spec: 'latest',
100 silly mapToRegistry   type: 'tag' }
101 silly mapToRegistry uri https://registry.npmjs.org/hawk
102 silly fetchNamedPackageData http-signature
103 silly mapToRegistry name http-signature
104 silly mapToRegistry using default registry
105 silly mapToRegistry registry https://registry.npmjs.org/
106 silly mapToRegistry data Result {
106 silly mapToRegistry   raw: 'http-signature',
106 silly mapToRegistry   scope: null,
106 silly mapToRegistry   escapedName: 'http-signature',
106 silly mapToRegistry   name: 'http-signature',
106 silly mapToRegistry   rawSpec: '',
106 silly mapToRegistry   spec: 'latest',
106 silly mapToRegistry   type: 'tag' }
107 silly mapToRegistry uri https://registry.npmjs.org/http-signature
108 silly fetchNamedPackageData is-typedarray
109 silly mapToRegistry name is-typedarray
110 silly mapToRegistry using default registry
111 silly mapToRegistry registry https://registry.npmjs.org/
112 silly mapToRegistry data Result {
112 silly mapToRegistry   raw: 'is-typedarray',
112 silly mapToRegistry   scope: null,
112 silly mapToRegistry   escapedName: 'is-typedarray',
112 silly mapToRegistry   name: 'is-typedarray',
112 silly mapToRegistry   rawSpec: '',
112 silly mapToRegistry   spec: 'latest',
112 silly mapToRegistry   type: 'tag' }
113 silly mapToRegistry uri https://registry.npmjs.org/is-typedarray
114 silly fetchNamedPackageData isstream
115 silly mapToRegistry name isstream
116 silly mapToRegistry using default registry
117 silly mapToRegistry registry https://registry.npmjs.org/
118 silly mapToRegistry data Result {
118 silly mapToRegistry   raw: 'isstream',
118 silly mapToRegistry   scope: null,
118 silly mapToRegistry   escapedName: 'isstream',
118 silly mapToRegistry   name: 'isstream',
118 silly mapToRegistry   rawSpec: '',
118 silly mapToRegistry   spec: 'latest',
118 silly mapToRegistry   type: 'tag' }
119 silly mapToRegistry uri https://registry.npmjs.org/isstream
120 silly fetchNamedPackageData json-stringify-safe
121 silly mapToRegistry name json-stringify-safe
122 silly mapToRegistry using default registry
123 silly mapToRegistry registry https://registry.npmjs.org/
124 silly mapToRegistry data Result {
124 silly mapToRegistry   raw: 'json-stringify-safe',
124 silly mapToRegistry   scope: null,
124 silly mapToRegistry   escapedName: 'json-stringify-safe',
124 silly mapToRegistry   name: 'json-stringify-safe',
124 silly mapToRegistry   rawSpec: '',
124 silly mapToRegistry   spec: 'latest',
124 silly mapToRegistry   type: 'tag' }
125 silly mapToRegistry uri https://registry.npmjs.org/json-stringify-safe
126 silly fetchNamedPackageData mime-types
127 silly mapToRegistry name mime-types
128 silly mapToRegistry using default registry
129 silly mapToRegistry registry https://registry.npmjs.org/
130 silly mapToRegistry data Result {
130 silly mapToRegistry   raw: 'mime-types',
130 silly mapToRegistry   scope: null,
130 silly mapToRegistry   escapedName: 'mime-types',
130 silly mapToRegistry   name: 'mime-types',
130 silly mapToRegistry   rawSpec: '',
130 silly mapToRegistry   spec: 'latest',
130 silly mapToRegistry   type: 'tag' }
131 silly mapToRegistry uri https://registry.npmjs.org/mime-types
132 silly fetchNamedPackageData oauth-sign
133 silly mapToRegistry name oauth-sign
134 silly mapToRegistry using default registry
135 silly mapToRegistry registry https://registry.npmjs.org/
136 silly mapToRegistry data Result {
136 silly mapToRegistry   raw: 'oauth-sign',
136 silly mapToRegistry   scope: null,
136 silly mapToRegistry   escapedName: 'oauth-sign',
136 silly mapToRegistry   name: 'oauth-sign',
136 silly mapToRegistry   rawSpec: '',
136 silly mapToRegistry   spec: 'latest',
136 silly mapToRegistry   type: 'tag' }
137 silly mapToRegistry uri https://registry.npmjs.org/oauth-sign
138 silly fetchNamedPackageData performance-now
139 silly mapToRegistry name performance-now
140 silly mapToRegistry using default registry
141 silly mapToRegistry registry https://registry.npmjs.org/
142 silly mapToRegistry data Result {
142 silly mapToRegistry   raw: 'performance-now',
142 silly mapToRegistry   scope: null,
142 silly mapToRegistry   escapedName: 'performance-now',
142 silly mapToRegistry   name: 'performance-now',
142 silly mapToRegistry   rawSpec: '',
142 silly mapToRegistry   spec: 'latest',
142 silly mapToRegistry   type: 'tag' }
143 silly mapToRegistry uri https://registry.npmjs.org/performance-now
144 silly fetchNamedPackageData qs
145 silly mapToRegistry name qs
146 silly mapToRegistry using default registry
147 silly mapToRegistry registry https://registry.npmjs.org/
148 silly mapToRegistry data Result {
148 silly mapToRegistry   raw: 'qs',
148 silly mapToRegistry   scope: null,
148 silly mapToRegistry   escapedName: 'qs',
148 silly mapToRegistry   name: 'qs',
148 silly mapToRegistry   rawSpec: '',
148 silly mapToRegistry   spec: 'latest',
148 silly mapToRegistry   type: 'tag' }
149 silly mapToRegistry uri https://registry.npmjs.org/qs
150 silly fetchNamedPackageData safe-buffer
151 silly mapToRegistry name safe-buffer
152 silly mapToRegistry using default registry
153 silly mapToRegistry registry https://registry.npmjs.org/
154 silly mapToRegistry data Result {
154 silly mapToRegistry   raw: 'safe-buffer',
154 silly mapToRegistry   scope: null,
154 silly mapToRegistry   escapedName: 'safe-buffer',
154 silly mapToRegistry   name: 'safe-buffer',
154 silly mapToRegistry   rawSpec: '',
154 silly mapToRegistry   spec: 'latest',
154 silly mapToRegistry   type: 'tag' }
155 silly mapToRegistry uri https://registry.npmjs.org/safe-buffer
156 silly fetchNamedPackageData stringstream
157 silly mapToRegistry name stringstream
158 silly mapToRegistry using default registry
159 silly mapToRegistry registry https://registry.npmjs.org/
160 silly mapToRegistry data Result {
160 silly mapToRegistry   raw: 'stringstream',
160 silly mapToRegistry   scope: null,
160 silly mapToRegistry   escapedName: 'stringstream',
160 silly mapToRegistry   name: 'stringstream',
160 silly mapToRegistry   rawSpec: '',
160 silly mapToRegistry   spec: 'latest',
160 silly mapToRegistry   type: 'tag' }
161 silly mapToRegistry uri https://registry.npmjs.org/stringstream
162 silly fetchNamedPackageData tough-cookie
163 silly mapToRegistry name tough-cookie
164 silly mapToRegistry using default registry
165 silly mapToRegistry registry https://registry.npmjs.org/
166 silly mapToRegistry data Result {
166 silly mapToRegistry   raw: 'tough-cookie',
166 silly mapToRegistry   scope: null,
166 silly mapToRegistry   escapedName: 'tough-cookie',
166 silly mapToRegistry   name: 'tough-cookie',
166 silly mapToRegistry   rawSpec: '',
166 silly mapToRegistry   spec: 'latest',
166 silly mapToRegistry   type: 'tag' }
167 silly mapToRegistry uri https://registry.npmjs.org/tough-cookie
168 silly fetchNamedPackageData tunnel-agent
169 silly mapToRegistry name tunnel-agent
170 silly mapToRegistry using default registry
171 silly mapToRegistry registry https://registry.npmjs.org/
172 silly mapToRegistry data Result {
172 silly mapToRegistry   raw: 'tunnel-agent',
172 silly mapToRegistry   scope: null,
172 silly mapToRegistry   escapedName: 'tunnel-agent',
172 silly mapToRegistry   name: 'tunnel-agent',
172 silly mapToRegistry   rawSpec: '',
172 silly mapToRegistry   spec: 'latest',
172 silly mapToRegistry   type: 'tag' }
173 silly mapToRegistry uri https://registry.npmjs.org/tunnel-agent
174 silly fetchNamedPackageData uuid
175 silly mapToRegistry name uuid
176 silly mapToRegistry using default registry
177 silly mapToRegistry registry https://registry.npmjs.org/
178 silly mapToRegistry data Result {
178 silly mapToRegistry   raw: 'uuid',
178 silly mapToRegistry   scope: null,
178 silly mapToRegistry   escapedName: 'uuid',
178 silly mapToRegistry   name: 'uuid',
178 silly mapToRegistry   rawSpec: '',
178 silly mapToRegistry   spec: 'latest',
178 silly mapToRegistry   type: 'tag' }
179 silly mapToRegistry uri https://registry.npmjs.org/uuid
180 verbose get https://registry.npmjs.org/aws-sign2 not expired, no request
181 silly resolveWithNewModule aws-sign2@0.6.0 checking installable status
182 silly cache add args [ 'aws-sign2@~0.6.0', null ]
183 verbose cache add spec aws-sign2@~0.6.0
184 silly cache add parsed spec Result {
184 silly cache add   raw: 'aws-sign2@~0.6.0',
184 silly cache add   scope: null,
184 silly cache add   escapedName: 'aws-sign2',
184 silly cache add   name: 'aws-sign2',
184 silly cache add   rawSpec: '~0.6.0',
184 silly cache add   spec: '>=0.6.0 <0.7.0',
184 silly cache add   type: 'range' }
185 silly addNamed aws-sign2@>=0.6.0 <0.7.0
186 verbose addNamed ">=0.6.0 <0.7.0" is a valid semver range for aws-sign2
187 silly addNameRange { name: 'aws-sign2', range: '>=0.6.0 <0.7.0', hasData: false }
188 silly mapToRegistry name aws-sign2
189 silly mapToRegistry using default registry
190 silly mapToRegistry registry https://registry.npmjs.org/
191 silly mapToRegistry data Result {
191 silly mapToRegistry   raw: 'aws-sign2',
191 silly mapToRegistry   scope: null,
191 silly mapToRegistry   escapedName: 'aws-sign2',
191 silly mapToRegistry   name: 'aws-sign2',
191 silly mapToRegistry   rawSpec: '',
191 silly mapToRegistry   spec: 'latest',
191 silly mapToRegistry   type: 'tag' }
192 silly mapToRegistry uri https://registry.npmjs.org/aws-sign2
193 verbose addNameRange registry:https://registry.npmjs.org/aws-sign2 not in flight; fetching
194 verbose get https://registry.npmjs.org/aws4 not expired, no request
195 silly resolveWithNewModule aws4@1.6.0 checking installable status
196 silly cache add args [ 'aws4@^1.2.1', null ]
197 verbose cache add spec aws4@^1.2.1
198 silly cache add parsed spec Result {
198 silly cache add   raw: 'aws4@^1.2.1',
198 silly cache add   scope: null,
198 silly cache add   escapedName: 'aws4',
198 silly cache add   name: 'aws4',
198 silly cache add   rawSpec: '^1.2.1',
198 silly cache add   spec: '>=1.2.1 <2.0.0',
198 silly cache add   type: 'range' }
199 silly addNamed aws4@>=1.2.1 <2.0.0
200 verbose addNamed ">=1.2.1 <2.0.0" is a valid semver range for aws4
201 silly addNameRange { name: 'aws4', range: '>=1.2.1 <2.0.0', hasData: false }
202 silly mapToRegistry name aws4
203 silly mapToRegistry using default registry
204 silly mapToRegistry registry https://registry.npmjs.org/
205 silly mapToRegistry data Result {
205 silly mapToRegistry   raw: 'aws4',
205 silly mapToRegistry   scope: null,
205 silly mapToRegistry   escapedName: 'aws4',
205 silly mapToRegistry   name: 'aws4',
205 silly mapToRegistry   rawSpec: '',
205 silly mapToRegistry   spec: 'latest',
205 silly mapToRegistry   type: 'tag' }
206 silly mapToRegistry uri https://registry.npmjs.org/aws4
207 verbose addNameRange registry:https://registry.npmjs.org/aws4 not in flight; fetching
208 verbose get https://registry.npmjs.org/caseless not expired, no request
209 silly resolveWithNewModule caseless@0.12.0 checking installable status
210 silly cache add args [ 'caseless@~0.12.0', null ]
211 verbose cache add spec caseless@~0.12.0
212 silly cache add parsed spec Result {
212 silly cache add   raw: 'caseless@~0.12.0',
212 silly cache add   scope: null,
212 silly cache add   escapedName: 'caseless',
212 silly cache add   name: 'caseless',
212 silly cache add   rawSpec: '~0.12.0',
212 silly cache add   spec: '>=0.12.0 <0.13.0',
212 silly cache add   type: 'range' }
213 silly addNamed caseless@>=0.12.0 <0.13.0
214 verbose addNamed ">=0.12.0 <0.13.0" is a valid semver range for caseless
215 silly addNameRange { name: 'caseless', range: '>=0.12.0 <0.13.0', hasData: false }
216 silly mapToRegistry name caseless
217 silly mapToRegistry using default registry
218 silly mapToRegistry registry https://registry.npmjs.org/
219 silly mapToRegistry data Result {
219 silly mapToRegistry   raw: 'caseless',
219 silly mapToRegistry   scope: null,
219 silly mapToRegistry   escapedName: 'caseless',
219 silly mapToRegistry   name: 'caseless',
219 silly mapToRegistry   rawSpec: '',
219 silly mapToRegistry   spec: 'latest',
219 silly mapToRegistry   type: 'tag' }
220 silly mapToRegistry uri https://registry.npmjs.org/caseless
221 verbose addNameRange registry:https://registry.npmjs.org/caseless not in flight; fetching
222 verbose get https://registry.npmjs.org/combined-stream not expired, no request
223 silly resolveWithNewModule combined-stream@1.0.5 checking installable status
224 silly cache add args [ 'combined-stream@~1.0.5', null ]
225 verbose cache add spec combined-stream@~1.0.5
226 silly cache add parsed spec Result {
226 silly cache add   raw: 'combined-stream@~1.0.5',
226 silly cache add   scope: null,
226 silly cache add   escapedName: 'combined-stream',
226 silly cache add   name: 'combined-stream',
226 silly cache add   rawSpec: '~1.0.5',
226 silly cache add   spec: '>=1.0.5 <1.1.0',
226 silly cache add   type: 'range' }
227 silly addNamed combined-stream@>=1.0.5 <1.1.0
228 verbose addNamed ">=1.0.5 <1.1.0" is a valid semver range for combined-stream
229 silly addNameRange { name: 'combined-stream',
229 silly addNameRange   range: '>=1.0.5 <1.1.0',
229 silly addNameRange   hasData: false }
230 silly mapToRegistry name combined-stream
231 silly mapToRegistry using default registry
232 silly mapToRegistry registry https://registry.npmjs.org/
233 silly mapToRegistry data Result {
233 silly mapToRegistry   raw: 'combined-stream',
233 silly mapToRegistry   scope: null,
233 silly mapToRegistry   escapedName: 'combined-stream',
233 silly mapToRegistry   name: 'combined-stream',
233 silly mapToRegistry   rawSpec: '',
233 silly mapToRegistry   spec: 'latest',
233 silly mapToRegistry   type: 'tag' }
234 silly mapToRegistry uri https://registry.npmjs.org/combined-stream
235 verbose addNameRange registry:https://registry.npmjs.org/combined-stream not in flight; fetching
236 verbose get https://registry.npmjs.org/extend not expired, no request
237 silly resolveWithNewModule extend@3.0.0 checking installable status
238 silly cache add args [ 'extend@~3.0.0', null ]
239 verbose cache add spec extend@~3.0.0
240 silly cache add parsed spec Result {
240 silly cache add   raw: 'extend@~3.0.0',
240 silly cache add   scope: null,
240 silly cache add   escapedName: 'extend',
240 silly cache add   name: 'extend',
240 silly cache add   rawSpec: '~3.0.0',
240 silly cache add   spec: '>=3.0.0 <3.1.0',
240 silly cache add   type: 'range' }
241 silly addNamed extend@>=3.0.0 <3.1.0
242 verbose addNamed ">=3.0.0 <3.1.0" is a valid semver range for extend
243 silly addNameRange { name: 'extend', range: '>=3.0.0 <3.1.0', hasData: false }
244 silly mapToRegistry name extend
245 silly mapToRegistry using default registry
246 silly mapToRegistry registry https://registry.npmjs.org/
247 silly mapToRegistry data Result {
247 silly mapToRegistry   raw: 'extend',
247 silly mapToRegistry   scope: null,
247 silly mapToRegistry   escapedName: 'extend',
247 silly mapToRegistry   name: 'extend',
247 silly mapToRegistry   rawSpec: '',
247 silly mapToRegistry   spec: 'latest',
247 silly mapToRegistry   type: 'tag' }
248 silly mapToRegistry uri https://registry.npmjs.org/extend
249 verbose addNameRange registry:https://registry.npmjs.org/extend not in flight; fetching
250 verbose get https://registry.npmjs.org/forever-agent not expired, no request
251 silly resolveWithNewModule forever-agent@0.6.1 checking installable status
252 silly cache add args [ 'forever-agent@~0.6.1', null ]
253 verbose cache add spec forever-agent@~0.6.1
254 silly cache add parsed spec Result {
254 silly cache add   raw: 'forever-agent@~0.6.1',
254 silly cache add   scope: null,
254 silly cache add   escapedName: 'forever-agent',
254 silly cache add   name: 'forever-agent',
254 silly cache add   rawSpec: '~0.6.1',
254 silly cache add   spec: '>=0.6.1 <0.7.0',
254 silly cache add   type: 'range' }
255 silly addNamed forever-agent@>=0.6.1 <0.7.0
256 verbose addNamed ">=0.6.1 <0.7.0" is a valid semver range for forever-agent
257 silly addNameRange { name: 'forever-agent',
257 silly addNameRange   range: '>=0.6.1 <0.7.0',
257 silly addNameRange   hasData: false }
258 silly mapToRegistry name forever-agent
259 silly mapToRegistry using default registry
260 silly mapToRegistry registry https://registry.npmjs.org/
261 silly mapToRegistry data Result {
261 silly mapToRegistry   raw: 'forever-agent',
261 silly mapToRegistry   scope: null,
261 silly mapToRegistry   escapedName: 'forever-agent',
261 silly mapToRegistry   name: 'forever-agent',
261 silly mapToRegistry   rawSpec: '',
261 silly mapToRegistry   spec: 'latest',
261 silly mapToRegistry   type: 'tag' }
262 silly mapToRegistry uri https://registry.npmjs.org/forever-agent
263 verbose addNameRange registry:https://registry.npmjs.org/forever-agent not in flight; fetching
264 verbose get https://registry.npmjs.org/form-data not expired, no request
265 silly resolveWithNewModule form-data@2.1.4 checking installable status
266 silly cache add args [ 'form-data@~2.1.1', null ]
267 verbose cache add spec form-data@~2.1.1
268 silly cache add parsed spec Result {
268 silly cache add   raw: 'form-data@~2.1.1',
268 silly cache add   scope: null,
268 silly cache add   escapedName: 'form-data',
268 silly cache add   name: 'form-data',
268 silly cache add   rawSpec: '~2.1.1',
268 silly cache add   spec: '>=2.1.1 <2.2.0',
268 silly cache add   type: 'range' }
269 silly addNamed form-data@>=2.1.1 <2.2.0
270 verbose addNamed ">=2.1.1 <2.2.0" is a valid semver range for form-data
271 silly addNameRange { name: 'form-data', range: '>=2.1.1 <2.2.0', hasData: false }
272 silly mapToRegistry name form-data
273 silly mapToRegistry using default registry
274 silly mapToRegistry registry https://registry.npmjs.org/
275 silly mapToRegistry data Result {
275 silly mapToRegistry   raw: 'form-data',
275 silly mapToRegistry   scope: null,
275 silly mapToRegistry   escapedName: 'form-data',
275 silly mapToRegistry   name: 'form-data',
275 silly mapToRegistry   rawSpec: '',
275 silly mapToRegistry   spec: 'latest',
275 silly mapToRegistry   type: 'tag' }
276 silly mapToRegistry uri https://registry.npmjs.org/form-data
277 verbose addNameRange registry:https://registry.npmjs.org/form-data not in flight; fetching
278 verbose get https://registry.npmjs.org/har-validator not expired, no request
279 silly resolveWithNewModule har-validator@4.2.1 checking installable status
280 silly cache add args [ 'har-validator@~4.2.1', null ]
281 verbose cache add spec har-validator@~4.2.1
282 silly cache add parsed spec Result {
282 silly cache add   raw: 'har-validator@~4.2.1',
282 silly cache add   scope: null,
282 silly cache add   escapedName: 'har-validator',
282 silly cache add   name: 'har-validator',
282 silly cache add   rawSpec: '~4.2.1',
282 silly cache add   spec: '>=4.2.1 <4.3.0',
282 silly cache add   type: 'range' }
283 silly addNamed har-validator@>=4.2.1 <4.3.0
284 verbose addNamed ">=4.2.1 <4.3.0" is a valid semver range for har-validator
285 silly addNameRange { name: 'har-validator',
285 silly addNameRange   range: '>=4.2.1 <4.3.0',
285 silly addNameRange   hasData: false }
286 silly mapToRegistry name har-validator
287 silly mapToRegistry using default registry
288 silly mapToRegistry registry https://registry.npmjs.org/
289 silly mapToRegistry data Result {
289 silly mapToRegistry   raw: 'har-validator',
289 silly mapToRegistry   scope: null,
289 silly mapToRegistry   escapedName: 'har-validator',
289 silly mapToRegistry   name: 'har-validator',
289 silly mapToRegistry   rawSpec: '',
289 silly mapToRegistry   spec: 'latest',
289 silly mapToRegistry   type: 'tag' }
290 silly mapToRegistry uri https://registry.npmjs.org/har-validator
291 verbose addNameRange registry:https://registry.npmjs.org/har-validator not in flight; fetching
292 verbose get https://registry.npmjs.org/hawk not expired, no request
293 silly resolveWithNewModule hawk@3.1.3 checking installable status
294 silly cache add args [ 'hawk@~3.1.3', null ]
295 verbose cache add spec hawk@~3.1.3
296 silly cache add parsed spec Result {
296 silly cache add   raw: 'hawk@~3.1.3',
296 silly cache add   scope: null,
296 silly cache add   escapedName: 'hawk',
296 silly cache add   name: 'hawk',
296 silly cache add   rawSpec: '~3.1.3',
296 silly cache add   spec: '>=3.1.3 <3.2.0',
296 silly cache add   type: 'range' }
297 silly addNamed hawk@>=3.1.3 <3.2.0
298 verbose addNamed ">=3.1.3 <3.2.0" is a valid semver range for hawk
299 silly addNameRange { name: 'hawk', range: '>=3.1.3 <3.2.0', hasData: false }
300 silly mapToRegistry name hawk
301 silly mapToRegistry using default registry
302 silly mapToRegistry registry https://registry.npmjs.org/
303 silly mapToRegistry data Result {
303 silly mapToRegistry   raw: 'hawk',
303 silly mapToRegistry   scope: null,
303 silly mapToRegistry   escapedName: 'hawk',
303 silly mapToRegistry   name: 'hawk',
303 silly mapToRegistry   rawSpec: '',
303 silly mapToRegistry   spec: 'latest',
303 silly mapToRegistry   type: 'tag' }
304 silly mapToRegistry uri https://registry.npmjs.org/hawk
305 verbose addNameRange registry:https://registry.npmjs.org/hawk not in flight; fetching
306 verbose get https://registry.npmjs.org/http-signature not expired, no request
307 silly resolveWithNewModule http-signature@1.1.1 checking installable status
308 silly cache add args [ 'http-signature@~1.1.0', null ]
309 verbose cache add spec http-signature@~1.1.0
310 silly cache add parsed spec Result {
310 silly cache add   raw: 'http-signature@~1.1.0',
310 silly cache add   scope: null,
310 silly cache add   escapedName: 'http-signature',
310 silly cache add   name: 'http-signature',
310 silly cache add   rawSpec: '~1.1.0',
310 silly cache add   spec: '>=1.1.0 <1.2.0',
310 silly cache add   type: 'range' }
311 silly addNamed http-signature@>=1.1.0 <1.2.0
312 verbose addNamed ">=1.1.0 <1.2.0" is a valid semver range for http-signature
313 silly addNameRange { name: 'http-signature',
313 silly addNameRange   range: '>=1.1.0 <1.2.0',
313 silly addNameRange   hasData: false }
314 silly mapToRegistry name http-signature
315 silly mapToRegistry using default registry
316 silly mapToRegistry registry https://registry.npmjs.org/
317 silly mapToRegistry data Result {
317 silly mapToRegistry   raw: 'http-signature',
317 silly mapToRegistry   scope: null,
317 silly mapToRegistry   escapedName: 'http-signature',
317 silly mapToRegistry   name: 'http-signature',
317 silly mapToRegistry   rawSpec: '',
317 silly mapToRegistry   spec: 'latest',
317 silly mapToRegistry   type: 'tag' }
318 silly mapToRegistry uri https://registry.npmjs.org/http-signature
319 verbose addNameRange registry:https://registry.npmjs.org/http-signature not in flight; fetching
320 verbose get https://registry.npmjs.org/is-typedarray not expired, no request
321 silly resolveWithNewModule is-typedarray@1.0.0 checking installable status
322 silly cache add args [ 'is-typedarray@~1.0.0', null ]
323 verbose cache add spec is-typedarray@~1.0.0
324 silly cache add parsed spec Result {
324 silly cache add   raw: 'is-typedarray@~1.0.0',
324 silly cache add   scope: null,
324 silly cache add   escapedName: 'is-typedarray',
324 silly cache add   name: 'is-typedarray',
324 silly cache add   rawSpec: '~1.0.0',
324 silly cache add   spec: '>=1.0.0 <1.1.0',
324 silly cache add   type: 'range' }
325 silly addNamed is-typedarray@>=1.0.0 <1.1.0
326 verbose addNamed ">=1.0.0 <1.1.0" is a valid semver range for is-typedarray
327 silly addNameRange { name: 'is-typedarray',
327 silly addNameRange   range: '>=1.0.0 <1.1.0',
327 silly addNameRange   hasData: false }
328 silly mapToRegistry name is-typedarray
329 silly mapToRegistry using default registry
330 silly mapToRegistry registry https://registry.npmjs.org/
331 silly mapToRegistry data Result {
331 silly mapToRegistry   raw: 'is-typedarray',
331 silly mapToRegistry   scope: null,
331 silly mapToRegistry   escapedName: 'is-typedarray',
331 silly mapToRegistry   name: 'is-typedarray',
331 silly mapToRegistry   rawSpec: '',
331 silly mapToRegistry   spec: 'latest',
331 silly mapToRegistry   type: 'tag' }
332 silly mapToRegistry uri https://registry.npmjs.org/is-typedarray
333 verbose addNameRange registry:https://registry.npmjs.org/is-typedarray not in flight; fetching
334 verbose get https://registry.npmjs.org/isstream not expired, no request
335 silly resolveWithNewModule isstream@0.1.2 checking installable status
336 silly cache add args [ 'isstream@~0.1.2', null ]
337 verbose cache add spec isstream@~0.1.2
338 silly cache add parsed spec Result {
338 silly cache add   raw: 'isstream@~0.1.2',
338 silly cache add   scope: null,
338 silly cache add   escapedName: 'isstream',
338 silly cache add   name: 'isstream',
338 silly cache add   rawSpec: '~0.1.2',
338 silly cache add   spec: '>=0.1.2 <0.2.0',
338 silly cache add   type: 'range' }
339 silly addNamed isstream@>=0.1.2 <0.2.0
340 verbose addNamed ">=0.1.2 <0.2.0" is a valid semver range for isstream
341 silly addNameRange { name: 'isstream', range: '>=0.1.2 <0.2.0', hasData: false }
342 silly mapToRegistry name isstream
343 silly mapToRegistry using default registry
344 silly mapToRegistry registry https://registry.npmjs.org/
345 silly mapToRegistry data Result {
345 silly mapToRegistry   raw: 'isstream',
345 silly mapToRegistry   scope: null,
345 silly mapToRegistry   escapedName: 'isstream',
345 silly mapToRegistry   name: 'isstream',
345 silly mapToRegistry   rawSpec: '',
345 silly mapToRegistry   spec: 'latest',
345 silly mapToRegistry   type: 'tag' }
346 silly mapToRegistry uri https://registry.npmjs.org/isstream
347 verbose addNameRange registry:https://registry.npmjs.org/isstream not in flight; fetching
348 verbose get https://registry.npmjs.org/json-stringify-safe not expired, no request
349 silly resolveWithNewModule json-stringify-safe@5.0.1 checking installable status
350 silly cache add args [ 'json-stringify-safe@~5.0.1', null ]
351 verbose cache add spec json-stringify-safe@~5.0.1
352 silly cache add parsed spec Result {
352 silly cache add   raw: 'json-stringify-safe@~5.0.1',
352 silly cache add   scope: null,
352 silly cache add   escapedName: 'json-stringify-safe',
352 silly cache add   name: 'json-stringify-safe',
352 silly cache add   rawSpec: '~5.0.1',
352 silly cache add   spec: '>=5.0.1 <5.1.0',
352 silly cache add   type: 'range' }
353 silly addNamed json-stringify-safe@>=5.0.1 <5.1.0
354 verbose addNamed ">=5.0.1 <5.1.0" is a valid semver range for json-stringify-safe
355 silly addNameRange { name: 'json-stringify-safe',
355 silly addNameRange   range: '>=5.0.1 <5.1.0',
355 silly addNameRange   hasData: false }
356 silly mapToRegistry name json-stringify-safe
357 silly mapToRegistry using default registry
358 silly mapToRegistry registry https://registry.npmjs.org/
359 silly mapToRegistry data Result {
359 silly mapToRegistry   raw: 'json-stringify-safe',
359 silly mapToRegistry   scope: null,
359 silly mapToRegistry   escapedName: 'json-stringify-safe',
359 silly mapToRegistry   name: 'json-stringify-safe',
359 silly mapToRegistry   rawSpec: '',
359 silly mapToRegistry   spec: 'latest',
359 silly mapToRegistry   type: 'tag' }
360 silly mapToRegistry uri https://registry.npmjs.org/json-stringify-safe
361 verbose addNameRange registry:https://registry.npmjs.org/json-stringify-safe not in flight; fetching
362 verbose get https://registry.npmjs.org/mime-types not expired, no request
363 silly resolveWithNewModule mime-types@2.1.15 checking installable status
364 silly cache add args [ 'mime-types@~2.1.7', null ]
365 verbose cache add spec mime-types@~2.1.7
366 silly cache add parsed spec Result {
366 silly cache add   raw: 'mime-types@~2.1.7',
366 silly cache add   scope: null,
366 silly cache add   escapedName: 'mime-types',
366 silly cache add   name: 'mime-types',
366 silly cache add   rawSpec: '~2.1.7',
366 silly cache add   spec: '>=2.1.7 <2.2.0',
366 silly cache add   type: 'range' }
367 silly addNamed mime-types@>=2.1.7 <2.2.0
368 verbose addNamed ">=2.1.7 <2.2.0" is a valid semver range for mime-types
369 silly addNameRange { name: 'mime-types', range: '>=2.1.7 <2.2.0', hasData: false }
370 silly mapToRegistry name mime-types
371 silly mapToRegistry using default registry
372 silly mapToRegistry registry https://registry.npmjs.org/
373 silly mapToRegistry data Result {
373 silly mapToRegistry   raw: 'mime-types',
373 silly mapToRegistry   scope: null,
373 silly mapToRegistry   escapedName: 'mime-types',
373 silly mapToRegistry   name: 'mime-types',
373 silly mapToRegistry   rawSpec: '',
373 silly mapToRegistry   spec: 'latest',
373 silly mapToRegistry   type: 'tag' }
374 silly mapToRegistry uri https://registry.npmjs.org/mime-types
375 verbose addNameRange registry:https://registry.npmjs.org/mime-types not in flight; fetching
376 verbose get https://registry.npmjs.org/oauth-sign not expired, no request
377 silly resolveWithNewModule oauth-sign@0.8.2 checking installable status
378 silly cache add args [ 'oauth-sign@~0.8.1', null ]
379 verbose cache add spec oauth-sign@~0.8.1
380 silly cache add parsed spec Result {
380 silly cache add   raw: 'oauth-sign@~0.8.1',
380 silly cache add   scope: null,
380 silly cache add   escapedName: 'oauth-sign',
380 silly cache add   name: 'oauth-sign',
380 silly cache add   rawSpec: '~0.8.1',
380 silly cache add   spec: '>=0.8.1 <0.9.0',
380 silly cache add   type: 'range' }
381 silly addNamed oauth-sign@>=0.8.1 <0.9.0
382 verbose addNamed ">=0.8.1 <0.9.0" is a valid semver range for oauth-sign
383 silly addNameRange { name: 'oauth-sign', range: '>=0.8.1 <0.9.0', hasData: false }
384 silly mapToRegistry name oauth-sign
385 silly mapToRegistry using default registry
386 silly mapToRegistry registry https://registry.npmjs.org/
387 silly mapToRegistry data Result {
387 silly mapToRegistry   raw: 'oauth-sign',
387 silly mapToRegistry   scope: null,
387 silly mapToRegistry   escapedName: 'oauth-sign',
387 silly mapToRegistry   name: 'oauth-sign',
387 silly mapToRegistry   rawSpec: '',
387 silly mapToRegistry   spec: 'latest',
387 silly mapToRegistry   type: 'tag' }
388 silly mapToRegistry uri https://registry.npmjs.org/oauth-sign
389 verbose addNameRange registry:https://registry.npmjs.org/oauth-sign not in flight; fetching
390 verbose get https://registry.npmjs.org/performance-now not expired, no request
391 silly resolveWithNewModule performance-now@0.2.0 checking installable status
392 silly cache add args [ 'performance-now@^0.2.0', null ]
393 verbose cache add spec performance-now@^0.2.0
394 silly cache add parsed spec Result {
394 silly cache add   raw: 'performance-now@^0.2.0',
394 silly cache add   scope: null,
394 silly cache add   escapedName: 'performance-now',
394 silly cache add   name: 'performance-now',
394 silly cache add   rawSpec: '^0.2.0',
394 silly cache add   spec: '>=0.2.0 <0.3.0',
394 silly cache add   type: 'range' }
395 silly addNamed performance-now@>=0.2.0 <0.3.0
396 verbose addNamed ">=0.2.0 <0.3.0" is a valid semver range for performance-now
397 silly addNameRange { name: 'performance-now',
397 silly addNameRange   range: '>=0.2.0 <0.3.0',
397 silly addNameRange   hasData: false }
398 silly mapToRegistry name performance-now
399 silly mapToRegistry using default registry
400 silly mapToRegistry registry https://registry.npmjs.org/
401 silly mapToRegistry data Result {
401 silly mapToRegistry   raw: 'performance-now',
401 silly mapToRegistry   scope: null,
401 silly mapToRegistry   escapedName: 'performance-now',
401 silly mapToRegistry   name: 'performance-now',
401 silly mapToRegistry   rawSpec: '',
401 silly mapToRegistry   spec: 'latest',
401 silly mapToRegistry   type: 'tag' }
402 silly mapToRegistry uri https://registry.npmjs.org/performance-now
403 verbose addNameRange registry:https://registry.npmjs.org/performance-now not in flight; fetching
404 verbose get https://registry.npmjs.org/qs not expired, no request
405 silly resolveWithNewModule qs@6.4.0 checking installable status
406 silly cache add args [ 'qs@~6.4.0', null ]
407 verbose cache add spec qs@~6.4.0
408 silly cache add parsed spec Result {
408 silly cache add   raw: 'qs@~6.4.0',
408 silly cache add   scope: null,
408 silly cache add   escapedName: 'qs',
408 silly cache add   name: 'qs',
408 silly cache add   rawSpec: '~6.4.0',
408 silly cache add   spec: '>=6.4.0 <6.5.0',
408 silly cache add   type: 'range' }
409 silly addNamed qs@>=6.4.0 <6.5.0
410 verbose addNamed ">=6.4.0 <6.5.0" is a valid semver range for qs
411 silly addNameRange { name: 'qs', range: '>=6.4.0 <6.5.0', hasData: false }
412 silly mapToRegistry name qs
413 silly mapToRegistry using default registry
414 silly mapToRegistry registry https://registry.npmjs.org/
415 silly mapToRegistry data Result {
415 silly mapToRegistry   raw: 'qs',
415 silly mapToRegistry   scope: null,
415 silly mapToRegistry   escapedName: 'qs',
415 silly mapToRegistry   name: 'qs',
415 silly mapToRegistry   rawSpec: '',
415 silly mapToRegistry   spec: 'latest',
415 silly mapToRegistry   type: 'tag' }
416 silly mapToRegistry uri https://registry.npmjs.org/qs
417 verbose addNameRange registry:https://registry.npmjs.org/qs not in flight; fetching
418 verbose get https://registry.npmjs.org/safe-buffer not expired, no request
419 silly resolveWithNewModule safe-buffer@5.0.1 checking installable status
420 silly cache add args [ 'safe-buffer@^5.0.1', null ]
421 verbose cache add spec safe-buffer@^5.0.1
422 silly cache add parsed spec Result {
422 silly cache add   raw: 'safe-buffer@^5.0.1',
422 silly cache add   scope: null,
422 silly cache add   escapedName: 'safe-buffer',
422 silly cache add   name: 'safe-buffer',
422 silly cache add   rawSpec: '^5.0.1',
422 silly cache add   spec: '>=5.0.1 <6.0.0',
422 silly cache add   type: 'range' }
423 silly addNamed safe-buffer@>=5.0.1 <6.0.0
424 verbose addNamed ">=5.0.1 <6.0.0" is a valid semver range for safe-buffer
425 silly addNameRange { name: 'safe-buffer', range: '>=5.0.1 <6.0.0', hasData: false }
426 silly mapToRegistry name safe-buffer
427 silly mapToRegistry using default registry
428 silly mapToRegistry registry https://registry.npmjs.org/
429 silly mapToRegistry data Result {
429 silly mapToRegistry   raw: 'safe-buffer',
429 silly mapToRegistry   scope: null,
429 silly mapToRegistry   escapedName: 'safe-buffer',
429 silly mapToRegistry   name: 'safe-buffer',
429 silly mapToRegistry   rawSpec: '',
429 silly mapToRegistry   spec: 'latest',
429 silly mapToRegistry   type: 'tag' }
430 silly mapToRegistry uri https://registry.npmjs.org/safe-buffer
431 verbose addNameRange registry:https://registry.npmjs.org/safe-buffer not in flight; fetching
432 verbose get https://registry.npmjs.org/stringstream not expired, no request
433 silly resolveWithNewModule stringstream@0.0.5 checking installable status
434 silly cache add args [ 'stringstream@~0.0.4', null ]
435 verbose cache add spec stringstream@~0.0.4
436 silly cache add parsed spec Result {
436 silly cache add   raw: 'stringstream@~0.0.4',
436 silly cache add   scope: null,
436 silly cache add   escapedName: 'stringstream',
436 silly cache add   name: 'stringstream',
436 silly cache add   rawSpec: '~0.0.4',
436 silly cache add   spec: '>=0.0.4 <0.1.0',
436 silly cache add   type: 'range' }
437 silly addNamed stringstream@>=0.0.4 <0.1.0
438 verbose addNamed ">=0.0.4 <0.1.0" is a valid semver range for stringstream
439 silly addNameRange { name: 'stringstream', range: '>=0.0.4 <0.1.0', hasData: false }
440 silly mapToRegistry name stringstream
441 silly mapToRegistry using default registry
442 silly mapToRegistry registry https://registry.npmjs.org/
443 silly mapToRegistry data Result {
443 silly mapToRegistry   raw: 'stringstream',
443 silly mapToRegistry   scope: null,
443 silly mapToRegistry   escapedName: 'stringstream',
443 silly mapToRegistry   name: 'stringstream',
443 silly mapToRegistry   rawSpec: '',
443 silly mapToRegistry   spec: 'latest',
443 silly mapToRegistry   type: 'tag' }
444 silly mapToRegistry uri https://registry.npmjs.org/stringstream
445 verbose addNameRange registry:https://registry.npmjs.org/stringstream not in flight; fetching
446 verbose get https://registry.npmjs.org/tough-cookie not expired, no request
447 silly resolveWithNewModule tough-cookie@2.3.2 checking installable status
448 silly cache add args [ 'tough-cookie@~2.3.0', null ]
449 verbose cache add spec tough-cookie@~2.3.0
450 silly cache add parsed spec Result {
450 silly cache add   raw: 'tough-cookie@~2.3.0',
450 silly cache add   scope: null,
450 silly cache add   escapedName: 'tough-cookie',
450 silly cache add   name: 'tough-cookie',
450 silly cache add   rawSpec: '~2.3.0',
450 silly cache add   spec: '>=2.3.0 <2.4.0',
450 silly cache add   type: 'range' }
451 silly addNamed tough-cookie@>=2.3.0 <2.4.0
452 verbose addNamed ">=2.3.0 <2.4.0" is a valid semver range for tough-cookie
453 silly addNameRange { name: 'tough-cookie', range: '>=2.3.0 <2.4.0', hasData: false }
454 silly mapToRegistry name tough-cookie
455 silly mapToRegistry using default registry
456 silly mapToRegistry registry https://registry.npmjs.org/
457 silly mapToRegistry data Result {
457 silly mapToRegistry   raw: 'tough-cookie',
457 silly mapToRegistry   scope: null,
457 silly mapToRegistry   escapedName: 'tough-cookie',
457 silly mapToRegistry   name: 'tough-cookie',
457 silly mapToRegistry   rawSpec: '',
457 silly mapToRegistry   spec: 'latest',
457 silly mapToRegistry   type: 'tag' }
458 silly mapToRegistry uri https://registry.npmjs.org/tough-cookie
459 verbose addNameRange registry:https://registry.npmjs.org/tough-cookie not in flight; fetching
460 verbose get https://registry.npmjs.org/tunnel-agent not expired, no request
461 silly resolveWithNewModule tunnel-agent@0.6.0 checking installable status
462 silly cache add args [ 'tunnel-agent@^0.6.0', null ]
463 verbose cache add spec tunnel-agent@^0.6.0
464 silly cache add parsed spec Result {
464 silly cache add   raw: 'tunnel-agent@^0.6.0',
464 silly cache add   scope: null,
464 silly cache add   escapedName: 'tunnel-agent',
464 silly cache add   name: 'tunnel-agent',
464 silly cache add   rawSpec: '^0.6.0',
464 silly cache add   spec: '>=0.6.0 <0.7.0',
464 silly cache add   type: 'range' }
465 silly addNamed tunnel-agent@>=0.6.0 <0.7.0
466 verbose addNamed ">=0.6.0 <0.7.0" is a valid semver range for tunnel-agent
467 silly addNameRange { name: 'tunnel-agent', range: '>=0.6.0 <0.7.0', hasData: false }
468 silly mapToRegistry name tunnel-agent
469 silly mapToRegistry using default registry
470 silly mapToRegistry registry https://registry.npmjs.org/
471 silly mapToRegistry data Result {
471 silly mapToRegistry   raw: 'tunnel-agent',
471 silly mapToRegistry   scope: null,
471 silly mapToRegistry   escapedName: 'tunnel-agent',
471 silly mapToRegistry   name: 'tunnel-agent',
471 silly mapToRegistry   rawSpec: '',
471 silly mapToRegistry   spec: 'latest',
471 silly mapToRegistry   type: 'tag' }
472 silly mapToRegistry uri https://registry.npmjs.org/tunnel-agent
473 verbose addNameRange registry:https://registry.npmjs.org/tunnel-agent not in flight; fetching
474 verbose get https://registry.npmjs.org/uuid not expired, no request
475 silly resolveWithNewModule uuid@3.0.1 checking installable status
476 silly cache add args [ 'uuid@^3.0.0', null ]
477 verbose cache add spec uuid@^3.0.0
478 silly cache add parsed spec Result {
478 silly cache add   raw: 'uuid@^3.0.0',
478 silly cache add   scope: null,
478 silly cache add   escapedName: 'uuid',
478 silly cache add   name: 'uuid',
478 silly cache add   rawSpec: '^3.0.0',
478 silly cache add   spec: '>=3.0.0 <4.0.0',
478 silly cache add   type: 'range' }
479 silly addNamed uuid@>=3.0.0 <4.0.0
480 verbose addNamed ">=3.0.0 <4.0.0" is a valid semver range for uuid
481 silly addNameRange { name: 'uuid', range: '>=3.0.0 <4.0.0', hasData: false }
482 silly mapToRegistry name uuid
483 silly mapToRegistry using default registry
484 silly mapToRegistry registry https://registry.npmjs.org/
485 silly mapToRegistry data Result {
485 silly mapToRegistry   raw: 'uuid',
485 silly mapToRegistry   scope: null,
485 silly mapToRegistry   escapedName: 'uuid',
485 silly mapToRegistry   name: 'uuid',
485 silly mapToRegistry   rawSpec: '',
485 silly mapToRegistry   spec: 'latest',
485 silly mapToRegistry   type: 'tag' }
486 silly mapToRegistry uri https://registry.npmjs.org/uuid
487 verbose addNameRange registry:https://registry.npmjs.org/uuid not in flight; fetching
488 verbose get https://registry.npmjs.org/aws-sign2 not expired, no request
489 silly addNameRange number 2 { name: 'aws-sign2', range: '>=0.6.0 <0.7.0', hasData: true }
490 silly addNameRange versions [ 'aws-sign2', [ '0.4.0', '0.5.0', '0.6.0' ] ]
491 silly addNamed aws-sign2@0.6.0
492 verbose addNamed "0.6.0" is a plain semver version for aws-sign2
493 verbose get https://registry.npmjs.org/aws4 not expired, no request
494 silly addNameRange number 2 { name: 'aws4', range: '>=1.2.1 <2.0.0', hasData: true }
495 silly addNameRange versions [ 'aws4',
495 silly addNameRange   [ '0.0.1',
495 silly addNameRange     '0.1.0',
495 silly addNameRange     '0.1.1',
495 silly addNameRange     '0.1.2',
495 silly addNameRange     '0.1.3',
495 silly addNameRange     '0.1.4',
495 silly addNameRange     '0.1.5',
495 silly addNameRange     '0.1.6',
495 silly addNameRange     '0.1.7',
495 silly addNameRange     '0.1.8',
495 silly addNameRange     '0.1.9',
495 silly addNameRange     '0.1.10',
495 silly addNameRange     '0.1.12',
495 silly addNameRange     '0.2.0',
495 silly addNameRange     '0.2.1',
495 silly addNameRange     '0.2.2',
495 silly addNameRange     '0.2.3',
495 silly addNameRange     '0.3.0',
495 silly addNameRange     '0.4.0',
495 silly addNameRange     '0.4.1',
495 silly addNameRange     '0.4.2',
495 silly addNameRange     '0.5.0',
495 silly addNameRange     '0.5.1',
495 silly addNameRange     '1.0.0',
495 silly addNameRange     '1.0.1',
495 silly addNameRange     '1.0.2',
495 silly addNameRange     '1.0.3',
495 silly addNameRange     '1.0.4',
495 silly addNameRange     '1.1.0',
495 silly addNameRange     '1.2.0',
495 silly addNameRange     '1.2.1',
495 silly addNameRange     '1.3.1',
495 silly addNameRange     '1.3.2',
495 silly addNameRange     '1.4.0',
495 silly addNameRange     '1.4.1',
495 silly addNameRange     '1.5.0',
495 silly addNameRange     '1.6.0' ] ]
496 silly addNamed aws4@1.6.0
497 verbose addNamed "1.6.0" is a plain semver version for aws4
498 verbose get https://registry.npmjs.org/caseless not expired, no request
499 silly addNameRange number 2 { name: 'caseless', range: '>=0.12.0 <0.13.0', hasData: true }
500 silly addNameRange versions [ 'caseless',
500 silly addNameRange   [ '0.1.0',
500 silly addNameRange     '0.2.0',
500 silly addNameRange     '0.3.0',
500 silly addNameRange     '0.4.0',
500 silly addNameRange     '0.5.0',
500 silly addNameRange     '0.6.0',
500 silly addNameRange     '0.7.0',
500 silly addNameRange     '0.8.0',
500 silly addNameRange     '0.9.0',
500 silly addNameRange     '0.10.0',
500 silly addNameRange     '0.11.0',
500 silly addNameRange     '0.12.0' ] ]
501 silly addNamed caseless@0.12.0
502 verbose addNamed "0.12.0" is a plain semver version for caseless
503 verbose get https://registry.npmjs.org/combined-stream not expired, no request
504 silly addNameRange number 2 { name: 'combined-stream',
504 silly addNameRange   range: '>=1.0.5 <1.1.0',
504 silly addNameRange   hasData: true }
505 silly addNameRange versions [ 'combined-stream',
505 silly addNameRange   [ '0.0.0',
505 silly addNameRange     '0.0.1',
505 silly addNameRange     '0.0.2',
505 silly addNameRange     '0.0.3',
505 silly addNameRange     '0.0.4',
505 silly addNameRange     '0.0.5',
505 silly addNameRange     '0.0.7',
505 silly addNameRange     '1.0.0',
505 silly addNameRange     '1.0.1',
505 silly addNameRange     '1.0.2',
505 silly addNameRange     '1.0.3',
505 silly addNameRange     '1.0.4',
505 silly addNameRange     '1.0.5' ] ]
506 silly addNamed combined-stream@1.0.5
507 verbose addNamed "1.0.5" is a plain semver version for combined-stream
508 verbose get https://registry.npmjs.org/extend not expired, no request
509 silly addNameRange number 2 { name: 'extend', range: '>=3.0.0 <3.1.0', hasData: true }
510 silly addNameRange versions [ 'extend',
510 silly addNameRange   [ '1.0.0',
510 silly addNameRange     '1.1.0',
510 silly addNameRange     '1.1.1',
510 silly addNameRange     '1.1.3',
510 silly addNameRange     '1.2.0',
510 silly addNameRange     '1.2.1',
510 silly addNameRange     '1.3.0',
510 silly addNameRange     '2.0.0',
510 silly addNameRange     '2.0.1',
510 silly addNameRange     '3.0.0' ] ]
511 silly addNamed extend@3.0.0
512 verbose addNamed "3.0.0" is a plain semver version for extend
513 verbose get https://registry.npmjs.org/forever-agent not expired, no request
514 silly addNameRange number 2 { name: 'forever-agent', range: '>=0.6.1 <0.7.0', hasData: true }
515 silly addNameRange versions [ 'forever-agent',
515 silly addNameRange   [ '0.2.0', '0.3.0', '0.4.0', '0.5.0', '0.5.2', '0.6.0', '0.6.1' ] ]
516 silly addNamed forever-agent@0.6.1
517 verbose addNamed "0.6.1" is a plain semver version for forever-agent
518 verbose get https://registry.npmjs.org/form-data not expired, no request
519 silly addNameRange number 2 { name: 'form-data', range: '>=2.1.1 <2.2.0', hasData: true }
520 silly addNameRange versions [ 'form-data',
520 silly addNameRange   [ '0.0.0',
520 silly addNameRange     '0.0.2',
520 silly addNameRange     '0.0.3',
520 silly addNameRange     '0.0.4',
520 silly addNameRange     '0.0.5',
520 silly addNameRange     '0.0.6',
520 silly addNameRange     '0.0.7',
520 silly addNameRange     '0.0.8',
520 silly addNameRange     '0.0.9',
520 silly addNameRange     '0.0.10',
520 silly addNameRange     '0.1.0',
520 silly addNameRange     '0.1.1',
520 silly addNameRange     '0.1.2',
520 silly addNameRange     '0.1.3',
520 silly addNameRange     '0.1.4',
520 silly addNameRange     '0.2.0',
520 silly addNameRange     '1.0.0-rc1',
520 silly addNameRange     '1.0.0-rc2',
520 silly addNameRange     '1.0.0-rc3',
520 silly addNameRange     '1.0.0-rc4',
520 silly addNameRange     '1.0.0',
520 silly addNameRange     '1.0.1',
520 silly addNameRange     '2.0.0',
520 silly addNameRange     '2.1.0',
520 silly addNameRange     '2.1.1',
520 silly addNameRange     '2.1.2',
520 silly addNameRange     '2.1.4' ] ]
521 silly addNamed form-data@2.1.4
522 verbose addNamed "2.1.4" is a plain semver version for form-data
523 verbose get https://registry.npmjs.org/har-validator not expired, no request
524 silly addNameRange number 2 { name: 'har-validator', range: '>=4.2.1 <4.3.0', hasData: true }
525 silly addNameRange versions [ 'har-validator',
525 silly addNameRange   [ '1.0.0',
525 silly addNameRange     '1.0.1',
525 silly addNameRange     '1.0.2',
525 silly addNameRange     '1.1.0',
525 silly addNameRange     '1.1.1',
525 silly addNameRange     '1.1.2',
525 silly addNameRange     '1.1.3',
525 silly addNameRange     '1.2.0',
525 silly addNameRange     '1.3.0',
525 silly addNameRange     '1.3.1',
525 silly addNameRange     '1.4.0',
525 silly addNameRange     '1.5.0',
525 silly addNameRange     '1.5.1',
525 silly addNameRange     '1.6.0',
525 silly addNameRange     '1.6.1',
525 silly addNameRange     '1.7.0',
525 silly addNameRange     '1.7.1',
525 silly addNameRange     '1.8.0',
525 silly addNameRange     '2.0.0',
525 silly addNameRange     '2.0.1',
525 silly addNameRange     '2.0.2',
525 silly addNameRange     '2.0.3',
525 silly addNameRange     '2.0.4',
525 silly addNameRange     '2.0.5',
525 silly addNameRange     '2.0.6',
525 silly addNameRange     '2.1.0',
525 silly addNameRange     '2.1.1',
525 silly addNameRange     '2.1.2',
525 silly addNameRange     '2.1.3',
525 silly addNameRange     '3.0.0',
525 silly addNameRange     '3.1.0',
525 silly addNameRange     '3.2.0',
525 silly addNameRange     '3.3.0',
525 silly addNameRange     '3.3.1',
525 silly addNameRange     '3.4.0',
525 silly addNameRange     '4.0.0',
525 silly addNameRange     '4.0.1',
525 silly addNameRange     '4.0.2',
525 silly addNameRange     '4.0.3',
525 silly addNameRange     '4.0.4',
525 silly addNameRange     '4.1.0',
525 silly addNameRange     '4.1.1',
525 silly addNameRange     '4.1.2',
525 silly addNameRange     '4.2.0',
525 silly addNameRange     '4.2.1',
525 silly addNameRange     '5.0.0',
525 silly addNameRange     '5.0.1',
525 silly addNameRange     '5.0.2' ] ]
526 silly addNamed har-validator@4.2.1
527 verbose addNamed "4.2.1" is a plain semver version for har-validator
528 verbose get https://registry.npmjs.org/hawk not expired, no request
529 silly addNameRange number 2 { name: 'hawk', range: '>=3.1.3 <3.2.0', hasData: true }
530 silly addNameRange versions [ 'hawk',
530 silly addNameRange   [ '0.0.1',
530 silly addNameRange     '0.0.2',
530 silly addNameRange     '0.0.3',
530 silly addNameRange     '0.0.4',
530 silly addNameRange     '0.0.5',
530 silly addNameRange     '0.0.6',
530 silly addNameRange     '0.0.7',
530 silly addNameRange     '0.0.8',
530 silly addNameRange     '0.1.0',
530 silly addNameRange     '0.2.0',
530 silly addNameRange     '0.3.0',
530 silly addNameRange     '0.4.0',
530 silly addNameRange     '0.5.0',
530 silly addNameRange     '0.5.1',
530 silly addNameRange     '0.5.2',
530 silly addNameRange     '0.5.3',
530 silly addNameRange     '0.6.0',
530 silly addNameRange     '0.6.1',
530 silly addNameRange     '0.7.0',
530 silly addNameRange     '0.7.1',
530 silly addNameRange     '0.8.1',
530 silly addNameRange     '0.9.0',
530 silly addNameRange     '0.10.0',
530 silly addNameRange     '0.10.1',
530 silly addNameRange     '0.10.2',
530 silly addNameRange     '0.11.0',
530 silly addNameRange     '0.11.1',
530 silly addNameRange     '0.12.0',
530 silly addNameRange     '0.12.1',
530 silly addNameRange     '0.12.2',
530 silly addNameRange     '0.13.0',
530 silly addNameRange     '0.13.1',
530 silly addNameRange     '0.14.0',
530 silly addNameRange     '0.15.0',
530 silly addNameRange     '1.0.0',
530 silly addNameRange     '1.1.0-pre',
530 silly addNameRange     '1.1.1',
530 silly addNameRange     '1.1.2',
530 silly addNameRange     '2.0.0',
530 silly addNameRange     '2.1.0',
530 silly addNameRange     '2.1.1',
530 silly addNameRange     '2.1.2',
530 silly addNameRange     '2.1.3',
530 silly addNameRange     '2.2.0',
530 silly addNameRange     '2.2.1',
530 silly addNameRange     '2.2.2',
530 silly addNameRange     '2.2.3',
530 silly addNameRange     '2.3.0',
530 silly addNameRange     '2.3.1',
530 silly addNameRange     '3.0.0',
530 silly addNameRange     '3.1.0',
530 silly addNameRange     '3.1.1',
530 silly addNameRange     '4.0.0',
530 silly addNameRange     '3.1.2',
530 silly addNameRange     '4.0.1',
530 silly addNameRange     '4.1.0',
530 silly addNameRange     '4.1.1',
530 silly addNameRange     '3.1.3',
530 silly addNameRange     '4.1.2',
530 silly addNameRange     '5.0.0',
530 silly addNameRange     '5.0.1',
530 silly addNameRange     '5.1.0',
530 silly addNameRange     '5.1.1',
530 silly addNameRange     '5.1.2',
530 silly addNameRange     '6.0.0',
530 silly addNameRange     '6.0.1' ] ]
531 silly addNamed hawk@3.1.3
532 verbose addNamed "3.1.3" is a plain semver version for hawk
533 verbose get https://registry.npmjs.org/http-signature not expired, no request
534 silly addNameRange number 2 { name: 'http-signature',
534 silly addNameRange   range: '>=1.1.0 <1.2.0',
534 silly addNameRange   hasData: true }
535 silly addNameRange versions [ 'http-signature',
535 silly addNameRange   [ '0.9.0',
535 silly addNameRange     '0.9.2',
535 silly addNameRange     '0.9.3',
535 silly addNameRange     '0.9.4',
535 silly addNameRange     '0.9.5',
535 silly addNameRange     '0.9.6',
535 silly addNameRange     '0.9.7',
535 silly addNameRange     '0.9.8',
535 silly addNameRange     '0.9.9',
535 silly addNameRange     '0.9.10',
535 silly addNameRange     '0.9.11',
535 silly addNameRange     '0.10.0',
535 silly addNameRange     '0.10.1',
535 silly addNameRange     '0.11.0',
535 silly addNameRange     '1.0.0',
535 silly addNameRange     '1.0.1',
535 silly addNameRange     '1.0.2',
535 silly addNameRange     '1.1.0',
535 silly addNameRange     '1.1.1' ] ]
536 silly addNamed http-signature@1.1.1
537 verbose addNamed "1.1.1" is a plain semver version for http-signature
538 verbose get https://registry.npmjs.org/is-typedarray not expired, no request
539 silly addNameRange number 2 { name: 'is-typedarray', range: '>=1.0.0 <1.1.0', hasData: true }
540 silly addNameRange versions [ 'is-typedarray', [ '0.0.0', '1.0.0' ] ]
541 silly addNamed is-typedarray@1.0.0
542 verbose addNamed "1.0.0" is a plain semver version for is-typedarray
543 verbose get https://registry.npmjs.org/isstream not expired, no request
544 silly addNameRange number 2 { name: 'isstream', range: '>=0.1.2 <0.2.0', hasData: true }
545 silly addNameRange versions [ 'isstream', [ '0.0.0', '0.1.0', '0.1.1', '0.1.2' ] ]
546 silly addNamed isstream@0.1.2
547 verbose addNamed "0.1.2" is a plain semver version for isstream
548 verbose get https://registry.npmjs.org/json-stringify-safe not expired, no request
549 silly addNameRange number 2 { name: 'json-stringify-safe',
549 silly addNameRange   range: '>=5.0.1 <5.1.0',
549 silly addNameRange   hasData: true }
550 silly addNameRange versions [ 'json-stringify-safe',
550 silly addNameRange   [ '2.0.0', '3.0.0', '4.0.0', '5.0.0', '5.0.1' ] ]
551 silly addNamed json-stringify-safe@5.0.1
552 verbose addNamed "5.0.1" is a plain semver version for json-stringify-safe
553 verbose get https://registry.npmjs.org/mime-types not expired, no request
554 silly addNameRange number 2 { name: 'mime-types', range: '>=2.1.7 <2.2.0', hasData: true }
555 silly addNameRange versions [ 'mime-types',
555 silly addNameRange   [ '0.1.0',
555 silly addNameRange     '1.0.0',
555 silly addNameRange     '1.0.1',
555 silly addNameRange     '1.0.2',
555 silly addNameRange     '2.0.0',
555 silly addNameRange     '2.0.1',
555 silly addNameRange     '2.0.2',
555 silly addNameRange     '2.0.3',
555 silly addNameRange     '2.0.4',
555 silly addNameRange     '2.0.5',
555 silly addNameRange     '2.0.6',
555 silly addNameRange     '2.0.7',
555 silly addNameRange     '2.0.8',
555 silly addNameRange     '2.0.9',
555 silly addNameRange     '2.0.10',
555 silly addNameRange     '2.0.11',
555 silly addNameRange     '2.0.12',
555 silly addNameRange     '2.0.13',
555 silly addNameRange     '2.0.14',
555 silly addNameRange     '2.1.0',
555 silly addNameRange     '2.1.1',
555 silly addNameRange     '2.1.2',
555 silly addNameRange     '2.1.3',
555 silly addNameRange     '2.1.4',
555 silly addNameRange     '2.1.5',
555 silly addNameRange     '2.1.6',
555 silly addNameRange     '2.1.7',
555 silly addNameRange     '2.1.8',
555 silly addNameRange     '2.1.9',
555 silly addNameRange     '2.1.10',
555 silly addNameRange     '2.1.11',
555 silly addNameRange     '2.1.12',
555 silly addNameRange     '2.1.13',
555 silly addNameRange     '2.1.14',
555 silly addNameRange     '2.1.15' ] ]
556 silly addNamed mime-types@2.1.15
557 verbose addNamed "2.1.15" is a plain semver version for mime-types
558 verbose get https://registry.npmjs.org/oauth-sign not expired, no request
559 silly addNameRange number 2 { name: 'oauth-sign', range: '>=0.8.1 <0.9.0', hasData: true }
560 silly addNameRange versions [ 'oauth-sign',
560 silly addNameRange   [ '0.2.0',
560 silly addNameRange     '0.3.0',
560 silly addNameRange     '0.4.0',
560 silly addNameRange     '0.5.0',
560 silly addNameRange     '0.6.0',
560 silly addNameRange     '0.7.0',
560 silly addNameRange     '0.8.0',
560 silly addNameRange     '0.8.1',
560 silly addNameRange     '0.8.2' ] ]
561 silly addNamed oauth-sign@0.8.2
562 verbose addNamed "0.8.2" is a plain semver version for oauth-sign
563 verbose get https://registry.npmjs.org/performance-now not expired, no request
564 silly addNameRange number 2 { name: 'performance-now',
564 silly addNameRange   range: '>=0.2.0 <0.3.0',
564 silly addNameRange   hasData: true }
565 silly addNameRange versions [ 'performance-now',
565 silly addNameRange   [ '0.1.0',
565 silly addNameRange     '0.1.1',
565 silly addNameRange     '0.1.2',
565 silly addNameRange     '0.1.3',
565 silly addNameRange     '0.1.4',
565 silly addNameRange     '0.2.0',
565 silly addNameRange     '1.0.0',
565 silly addNameRange     '1.0.1',
565 silly addNameRange     '1.0.2',
565 silly addNameRange     '2.0.0',
565 silly addNameRange     '2.1.0' ] ]
566 silly addNamed performance-now@0.2.0
567 verbose addNamed "0.2.0" is a plain semver version for performance-now
568 verbose get https://registry.npmjs.org/qs not expired, no request
569 silly addNameRange number 2 { name: 'qs', range: '>=6.4.0 <6.5.0', hasData: true }
570 silly addNameRange versions [ 'qs',
570 silly addNameRange   [ '0.0.1',
570 silly addNameRange     '0.0.2',
570 silly addNameRange     '0.0.3',
570 silly addNameRange     '0.0.4',
570 silly addNameRange     '0.0.5',
570 silly addNameRange     '0.0.6',
570 silly addNameRange     '0.0.7',
570 silly addNameRange     '0.1.0',
570 silly addNameRange     '0.2.0',
570 silly addNameRange     '0.3.0',
570 silly addNameRange     '0.3.1',
570 silly addNameRange     '0.3.2',
570 silly addNameRange     '0.4.0',
570 silly addNameRange     '0.4.1',
570 silly addNameRange     '0.4.2',
570 silly addNameRange     '0.5.0',
570 silly addNameRange     '0.5.1',
570 silly addNameRange     '0.5.2',
570 silly addNameRange     '0.5.3',
570 silly addNameRange     '0.5.4',
570 silly addNameRange     '0.5.5',
570 silly addNameRange     '0.5.6',
570 silly addNameRange     '0.6.0',
570 silly addNameRange     '0.6.1',
570 silly addNameRange     '0.6.2',
570 silly addNameRange     '0.6.3',
570 silly addNameRange     '0.6.4',
570 silly addNameRange     '0.6.5',
570 silly addNameRange     '0.6.6',
570 silly addNameRange     '1.0.0',
570 silly addNameRange     '1.0.1',
570 silly addNameRange     '1.0.2',
570 silly addNameRange     '1.1.0',
570 silly addNameRange     '1.2.0',
570 silly addNameRange     '1.2.1',
570 silly addNameRange     '1.2.2',
570 silly addNameRange     '2.0.0',
570 silly addNameRange     '2.1.0',
570 silly addNameRange     '2.2.0',
570 silly addNameRange     '2.2.1',
570 silly addNameRange     '2.2.2',
570 silly addNameRange     '2.2.3',
570 silly addNameRange     '2.2.4',
570 silly addNameRange     '2.2.5',
570 silly addNameRange     '2.3.0',
570 silly addNameRange     '2.3.1',
570 silly addNameRange     '2.3.2',
570 silly addNameRange     '2.3.3',
570 silly addNameRange     '2.4.0',
570 silly addNameRange     '2.4.1',
570 silly addNameRange     '2.4.2',
570 silly addNameRange     '3.0.0',
570 silly addNameRange     '3.1.0',
570 silly addNameRange     '4.0.0',
570 silly addNameRange     '5.0.0',
570 silly addNameRange     '5.1.0',
570 silly addNameRange     '5.2.0',
570 silly addNameRange     '6.0.0',
570 silly addNameRange     '6.0.1',
570 silly addNameRange     '6.0.2',
570 silly addNameRange     '6.1.0',
570 silly addNameRange     '6.2.0',
570 silly addNameRange     '5.2.1',
570 silly addNameRange     '6.2.1',
570 silly addNameRange     '6.3.0',
570 silly addNameRange     '6.3.1',
570 silly addNameRange     '6.1.1',
570 silly addNameRange     '6.0.3',
570 silly addNameRange     '6.2.2',
570 silly addNameRange     '6.4.0',
570 silly addNameRange     '6.3.2',
570 silly addNameRange     '6.2.3',
570 silly addNameRange     '6.1.2',
570 silly addNameRange     '6.0.4' ] ]
571 silly addNamed qs@6.4.0
572 verbose addNamed "6.4.0" is a plain semver version for qs
573 verbose get https://registry.npmjs.org/safe-buffer not expired, no request
574 silly addNameRange number 2 { name: 'safe-buffer', range: '>=5.0.1 <6.0.0', hasData: true }
575 silly addNameRange versions [ 'safe-buffer',
575 silly addNameRange   [ '1.0.0', '2.0.0', '3.0.0', '4.0.0', '5.0.0', '5.0.1' ] ]
576 silly addNamed safe-buffer@5.0.1
577 verbose addNamed "5.0.1" is a plain semver version for safe-buffer
578 verbose get https://registry.npmjs.org/stringstream not expired, no request
579 silly addNameRange number 2 { name: 'stringstream', range: '>=0.0.4 <0.1.0', hasData: true }
580 silly addNameRange versions [ 'stringstream',
580 silly addNameRange   [ '0.0.0', '0.0.1', '0.0.2', '0.0.3', '0.0.4', '0.0.5' ] ]
581 silly addNamed stringstream@0.0.5
582 verbose addNamed "0.0.5" is a plain semver version for stringstream
583 verbose get https://registry.npmjs.org/tough-cookie not expired, no request
584 silly addNameRange number 2 { name: 'tough-cookie', range: '>=2.3.0 <2.4.0', hasData: true }
585 silly addNameRange versions [ 'tough-cookie',
585 silly addNameRange   [ '0.9.0',
585 silly addNameRange     '0.9.1',
585 silly addNameRange     '0.9.3',
585 silly addNameRange     '0.9.4',
585 silly addNameRange     '0.9.5',
585 silly addNameRange     '0.9.6',
585 silly addNameRange     '0.9.7',
585 silly addNameRange     '0.9.8',
585 silly addNameRange     '0.9.9',
585 silly addNameRange     '0.9.11',
585 silly addNameRange     '0.9.12',
585 silly addNameRange     '0.9.13',
585 silly addNameRange     '0.9.14',
585 silly addNameRange     '0.9.15',
585 silly addNameRange     '0.10.0',
585 silly addNameRange     '0.11.0',
585 silly addNameRange     '0.12.0',
585 silly addNameRange     '0.12.1',
585 silly addNameRange     '0.13.0',
585 silly addNameRange     '1.0.0',
585 silly addNameRange     '1.1.0',
585 silly addNameRange     '1.2.0',
585 silly addNameRange     '2.0.0',
585 silly addNameRange     '2.1.0',
585 silly addNameRange     '2.2.0',
585 silly addNameRange     '2.2.1',
585 silly addNameRange     '2.2.2',
585 silly addNameRange     '2.3.0',
585 silly addNameRange     '2.3.1',
585 silly addNameRange     '2.3.2' ] ]
586 silly addNamed tough-cookie@2.3.2
587 verbose addNamed "2.3.2" is a plain semver version for tough-cookie
588 verbose get https://registry.npmjs.org/tunnel-agent not expired, no request
589 silly addNameRange number 2 { name: 'tunnel-agent', range: '>=0.6.0 <0.7.0', hasData: true }
590 silly addNameRange versions [ 'tunnel-agent',
590 silly addNameRange   [ '0.2.0',
590 silly addNameRange     '0.3.0',
590 silly addNameRange     '0.4.0',
590 silly addNameRange     '0.4.1',
590 silly addNameRange     '0.4.2',
590 silly addNameRange     '0.4.3',
590 silly addNameRange     '0.5.0',
590 silly addNameRange     '0.6.0' ] ]
591 silly addNamed tunnel-agent@0.6.0
592 verbose addNamed "0.6.0" is a plain semver version for tunnel-agent
593 verbose get https://registry.npmjs.org/uuid not expired, no request
594 silly addNameRange number 2 { name: 'uuid', range: '>=3.0.0 <4.0.0', hasData: true }
595 silly addNameRange versions [ 'uuid',
595 silly addNameRange   [ '0.0.1',
595 silly addNameRange     '0.0.2',
595 silly addNameRange     '1.4.0',
595 silly addNameRange     '1.4.1',
595 silly addNameRange     '1.4.2',
595 silly addNameRange     '2.0.0',
595 silly addNameRange     '2.0.1',
595 silly addNameRange     '2.0.2',
595 silly addNameRange     '2.0.3',
595 silly addNameRange     '3.0.0',
595 silly addNameRange     '3.0.1' ] ]
596 silly addNamed uuid@3.0.1
597 verbose addNamed "3.0.1" is a plain semver version for uuid
598 silly cache afterAdd aws-sign2@0.6.0
599 verbose afterAdd /home/vagrant/.npm/aws-sign2/0.6.0/package/package.json not in flight; writing
600 verbose correctMkdir /home/vagrant/.npm correctMkdir not in flight; initializing
601 silly cache afterAdd aws4@1.6.0
602 verbose afterAdd /home/vagrant/.npm/aws4/1.6.0/package/package.json not in flight; writing
603 verbose correctMkdir /home/vagrant/.npm correctMkdir not in flight; initializing
604 silly cache afterAdd caseless@0.12.0
605 verbose afterAdd /home/vagrant/.npm/caseless/0.12.0/package/package.json not in flight; writing
606 verbose correctMkdir /home/vagrant/.npm correctMkdir not in flight; initializing
607 silly cache afterAdd combined-stream@1.0.5
608 verbose afterAdd /home/vagrant/.npm/combined-stream/1.0.5/package/package.json not in flight; writing
609 verbose correctMkdir /home/vagrant/.npm correctMkdir not in flight; initializing
610 silly cache afterAdd extend@3.0.0
611 verbose afterAdd /home/vagrant/.npm/extend/3.0.0/package/package.json not in flight; writing
612 verbose correctMkdir /home/vagrant/.npm correctMkdir not in flight; initializing
613 silly cache afterAdd forever-agent@0.6.1
614 verbose afterAdd /home/vagrant/.npm/forever-agent/0.6.1/package/package.json not in flight; writing
615 verbose correctMkdir /home/vagrant/.npm correctMkdir not in flight; initializing
616 silly cache afterAdd form-data@2.1.4
617 verbose afterAdd /home/vagrant/.npm/form-data/2.1.4/package/package.json not in flight; writing
618 verbose correctMkdir /home/vagrant/.npm correctMkdir not in flight; initializing
619 silly cache afterAdd har-validator@4.2.1
620 verbose afterAdd /home/vagrant/.npm/har-validator/4.2.1/package/package.json not in flight; writing
621 verbose correctMkdir /home/vagrant/.npm correctMkdir not in flight; initializing
622 silly cache afterAdd hawk@3.1.3
623 verbose afterAdd /home/vagrant/.npm/hawk/3.1.3/package/package.json not in flight; writing
624 verbose correctMkdir /home/vagrant/.npm correctMkdir not in flight; initializing
625 silly cache afterAdd http-signature@1.1.1
626 verbose afterAdd /home/vagrant/.npm/http-signature/1.1.1/package/package.json not in flight; writing
627 verbose correctMkdir /home/vagrant/.npm correctMkdir not in flight; initializing
628 silly cache afterAdd is-typedarray@1.0.0
629 verbose afterAdd /home/vagrant/.npm/is-typedarray/1.0.0/package/package.json not in flight; writing
630 verbose correctMkdir /home/vagrant/.npm correctMkdir not in flight; initializing
631 silly cache afterAdd isstream@0.1.2
632 verbose afterAdd /home/vagrant/.npm/isstream/0.1.2/package/package.json not in flight; writing
633 verbose correctMkdir /home/vagrant/.npm correctMkdir not in flight; initializing
634 silly cache afterAdd json-stringify-safe@5.0.1
635 verbose afterAdd /home/vagrant/.npm/json-stringify-safe/5.0.1/package/package.json not in flight; writing
636 verbose correctMkdir /home/vagrant/.npm correctMkdir not in flight; initializing
637 silly cache afterAdd oauth-sign@0.8.2
638 verbose afterAdd /home/vagrant/.npm/oauth-sign/0.8.2/package/package.json not in flight; writing
639 verbose correctMkdir /home/vagrant/.npm correctMkdir not in flight; initializing
640 silly cache afterAdd performance-now@0.2.0
641 verbose afterAdd /home/vagrant/.npm/performance-now/0.2.0/package/package.json not in flight; writing
642 verbose correctMkdir /home/vagrant/.npm correctMkdir not in flight; initializing
643 silly cache afterAdd qs@6.4.0
644 verbose afterAdd /home/vagrant/.npm/qs/6.4.0/package/package.json not in flight; writing
645 verbose correctMkdir /home/vagrant/.npm correctMkdir not in flight; initializing
646 silly cache afterAdd safe-buffer@5.0.1
647 verbose afterAdd /home/vagrant/.npm/safe-buffer/5.0.1/package/package.json not in flight; writing
648 verbose correctMkdir /home/vagrant/.npm correctMkdir not in flight; initializing
649 silly cache afterAdd stringstream@0.0.5
650 verbose afterAdd /home/vagrant/.npm/stringstream/0.0.5/package/package.json not in flight; writing
651 verbose correctMkdir /home/vagrant/.npm correctMkdir not in flight; initializing
652 silly cache afterAdd tough-cookie@2.3.2
653 verbose afterAdd /home/vagrant/.npm/tough-cookie/2.3.2/package/package.json not in flight; writing
654 verbose correctMkdir /home/vagrant/.npm correctMkdir not in flight; initializing
655 silly cache afterAdd tunnel-agent@0.6.0
656 verbose afterAdd /home/vagrant/.npm/tunnel-agent/0.6.0/package/package.json not in flight; writing
657 verbose correctMkdir /home/vagrant/.npm correctMkdir not in flight; initializing
658 silly cache afterAdd uuid@3.0.1
659 verbose afterAdd /home/vagrant/.npm/uuid/3.0.1/package/package.json not in flight; writing
660 verbose correctMkdir /home/vagrant/.npm correctMkdir not in flight; initializing
661 verbose afterAdd /home/vagrant/.npm/aws-sign2/0.6.0/package/package.json written
662 verbose afterAdd /home/vagrant/.npm/aws4/1.6.0/package/package.json written
663 verbose afterAdd /home/vagrant/.npm/caseless/0.12.0/package/package.json written
664 verbose afterAdd /home/vagrant/.npm/combined-stream/1.0.5/package/package.json written
665 verbose afterAdd /home/vagrant/.npm/extend/3.0.0/package/package.json written
666 verbose afterAdd /home/vagrant/.npm/forever-agent/0.6.1/package/package.json written
667 verbose afterAdd /home/vagrant/.npm/form-data/2.1.4/package/package.json written
668 verbose afterAdd /home/vagrant/.npm/har-validator/4.2.1/package/package.json written
669 verbose afterAdd /home/vagrant/.npm/hawk/3.1.3/package/package.json written
670 verbose afterAdd /home/vagrant/.npm/http-signature/1.1.1/package/package.json written
671 verbose afterAdd /home/vagrant/.npm/is-typedarray/1.0.0/package/package.json written
672 verbose afterAdd /home/vagrant/.npm/isstream/0.1.2/package/package.json written
673 verbose afterAdd /home/vagrant/.npm/json-stringify-safe/5.0.1/package/package.json written
674 verbose afterAdd /home/vagrant/.npm/oauth-sign/0.8.2/package/package.json written
675 verbose afterAdd /home/vagrant/.npm/performance-now/0.2.0/package/package.json written
676 verbose afterAdd /home/vagrant/.npm/qs/6.4.0/package/package.json written
677 verbose afterAdd /home/vagrant/.npm/safe-buffer/5.0.1/package/package.json written
678 verbose afterAdd /home/vagrant/.npm/stringstream/0.0.5/package/package.json written
679 verbose afterAdd /home/vagrant/.npm/tough-cookie/2.3.2/package/package.json written
680 verbose afterAdd /home/vagrant/.npm/tunnel-agent/0.6.0/package/package.json written
681 verbose afterAdd /home/vagrant/.npm/uuid/3.0.1/package/package.json written
682 silly rollbackFailedOptional Starting
683 silly rollbackFailedOptional Finishing
684 silly runTopLevelLifecycles Finishing
685 silly install printInstalled
686 verbose stack Error: Failed to parse json
686 verbose stack No data, empty input at 1:1
686 verbose stack
686 verbose stack ^
686 verbose stack     at parseError (/home/vagrant/.nvm/versions/node/v6.9.5/lib/node_modules/npm/node_modules/read-package-json/read-json.js:390:11)
686 verbose stack     at parseJson (/home/vagrant/.nvm/versions/node/v6.9.5/lib/node_modules/npm/node_modules/read-package-json/read-json.js:79:23)
686 verbose stack     at /home/vagrant/.nvm/versions/node/v6.9.5/lib/node_modules/npm/node_modules/read-package-json/read-json.js:48:5
686 verbose stack     at /home/vagrant/.nvm/versions/node/v6.9.5/lib/node_modules/npm/node_modules/graceful-fs/graceful-fs.js:78:16
686 verbose stack     at tryToString (fs.js:455:3)
686 verbose stack     at FSReqWrap.readFileAfterClose [as oncomplete] (fs.js:442:12)
687 verbose cwd /vagrant/round2/w2/d1/project
688 error Linux 4.4.0-21-generic
689 error argv "/home/vagrant/.nvm/versions/node/v6.9.5/bin/node" "/home/vagrant/.nvm/versions/node/v6.9.5/bin/npm" "install" "request" "--save"
690 error node v6.9.5
691 error npm  v3.10.10
692 error file /home/vagrant/.npm/mime-types/2.1.15/package/package.json
693 error code EJSONPARSE
694 error Failed to parse json
694 error No data, empty input at 1:1
694 error
694 error ^
695 error File: /home/vagrant/.npm/mime-types/2.1.15/package/package.json
696 error Failed to parse package.json data.
696 error package.json must be actual JSON, not just JavaScript.
696 error
696 error This is not a bug in npm.
696 error Tell the package author to fix their package.json file. JSON.parse
697 verbose exit [ 1, true ]
